<?xml version="1.0" encoding="UTF-8"?>
<!-- Generated by org.testng.reporters.JUnitReportReporter -->
<testsuite hostname="DESKTOP-C4NNM2J" failures="0" tests="6" name="com.hudl.testcases.TC01_LoginLogout" time="55.804" errors="0" timestamp="2023-03-04T12:24:01 GMT" skipped="0">
  <testcase classname="com.hudl.testcases.TC01_LoginLogout" name="runScenario" time="14.605"/>
  <system-out/>
  <testcase classname="com.hudl.testcases.TC01_LoginLogout" name="runScenario" time="7.867"/>
  <system-out/>
  <testcase classname="com.hudl.testcases.TC01_LoginLogout" name="runScenario" time="8.182"/>
  <system-out/>
  <testcase classname="com.hudl.testcases.TC01_LoginLogout" name="runScenario" time="6.874"/>
  <system-out/>
  <testcase classname="com.hudl.testcases.TC01_LoginLogout" name="runScenario" time="10.347"/>
  <system-out/>
  <testcase classname="com.hudl.testcases.TC01_LoginLogout" name="runScenario" time="7.929"/>
  <system-out/>
</testsuite> <!-- com.hudl.testcases.TC01_LoginLogout -->
