<?xml version="1.0" encoding="UTF-8"?>
<!-- Generated by org.testng.reporters.JUnitReportReporter -->
<testsuite hostname="DESKTOP-C4NNM2J" failures="0" tests="6" name="com.hudl.testcases.Tests_LoginModule" time="57.981" errors="0" timestamp="2023-03-04T17:45:07 GMT" skipped="0">
  <testcase classname="com.hudl.testcases.Tests_LoginModule" name="runScenario" time="8.045"/>
  <system-out/>
  <testcase classname="com.hudl.testcases.Tests_LoginModule" name="runScenario" time="7.538"/>
  <system-out/>
  <testcase classname="com.hudl.testcases.Tests_LoginModule" name="runScenario" time="15.214"/>
  <system-out/>
  <testcase classname="com.hudl.testcases.Tests_LoginModule" name="runScenario" time="10.594"/>
  <system-out/>
  <testcase classname="com.hudl.testcases.Tests_LoginModule" name="runScenario" time="8.187"/>
  <system-out/>
  <testcase classname="com.hudl.testcases.Tests_LoginModule" name="runScenario" time="8.403"/>
  <system-out/>
</testsuite> <!-- com.hudl.testcases.Tests_LoginModule -->
