<?xml version="1.0" encoding="UTF-8"?>
<!-- Generated by org.testng.reporters.JUnitReportReporter -->
<testsuite hostname="DESKTOP-C4NNM2J" failures="0" tests="14" name="com.hudl.testcases.Tests_LoginModule" time="160.535" errors="0" timestamp="2023-03-05T15:20:42 GMT" skipped="0">
  <testcase classname="com.hudl.testcases.Tests_LoginModule" name="runScenario" time="8.245"/>
  <system-out/>
  <testcase classname="com.hudl.testcases.Tests_LoginModule" name="runScenario" time="10.658"/>
  <system-out/>
  <testcase classname="com.hudl.testcases.Tests_LoginModule" name="runScenario" time="7.768"/>
  <system-out/>
  <testcase classname="com.hudl.testcases.Tests_LoginModule" name="runScenario" time="10.199"/>
  <system-out/>
  <testcase classname="com.hudl.testcases.Tests_LoginModule" name="runScenario" time="8.811"/>
  <system-out/>
  <testcase classname="com.hudl.testcases.Tests_LoginModule" name="runScenario" time="10.258"/>
  <system-out/>
  <testcase classname="com.hudl.testcases.Tests_LoginModule" name="runScenario" time="15.132"/>
  <system-out/>
  <testcase classname="com.hudl.testcases.Tests_LoginModule" name="runScenario" time="18.625"/>
  <system-out/>
  <testcase classname="com.hudl.testcases.Tests_LoginModule" name="runScenario" time="14.853"/>
  <system-out/>
  <testcase classname="com.hudl.testcases.Tests_LoginModule" name="runScenario" time="13.851"/>
  <system-out/>
  <testcase classname="com.hudl.testcases.Tests_LoginModule" name="runScenario" time="10.572"/>
  <system-out/>
  <testcase classname="com.hudl.testcases.Tests_LoginModule" name="runScenario" time="11.574"/>
  <system-out/>
  <testcase classname="com.hudl.testcases.Tests_LoginModule" name="runScenario" time="8.672"/>
  <system-out/>
  <testcase classname="com.hudl.testcases.Tests_LoginModule" name="runScenario" time="11.317"/>
  <system-out/>
</testsuite> <!-- com.hudl.testcases.Tests_LoginModule -->
