<?xml version="1.0" encoding="UTF-8"?>
<!-- Generated by org.testng.reporters.JUnitReportReporter -->
<testsuite hostname="DESKTOP-C4NNM2J" failures="0" tests="6" name="com.hudl.testcases.Tests_LoginModule" time="56.781" errors="0" timestamp="2023-03-04T13:49:57 GMT" skipped="0">
  <testcase classname="com.hudl.testcases.Tests_LoginModule" name="runScenario" time="8.558"/>
  <system-out/>
  <testcase classname="com.hudl.testcases.Tests_LoginModule" name="runScenario" time="7.483"/>
  <system-out/>
  <testcase classname="com.hudl.testcases.Tests_LoginModule" name="runScenario" time="14.839"/>
  <system-out/>
  <testcase classname="com.hudl.testcases.Tests_LoginModule" name="runScenario" time="8.399"/>
  <system-out/>
  <testcase classname="com.hudl.testcases.Tests_LoginModule" name="runScenario" time="7.995"/>
  <system-out/>
  <testcase classname="com.hudl.testcases.Tests_LoginModule" name="runScenario" time="9.507"/>
  <system-out/>
</testsuite> <!-- com.hudl.testcases.Tests_LoginModule -->
